2020-07-17 00:02:45.150  INFO 18128 --- [restartedMain] com.invoice.api.MainClass                : Starting MainClass on developer3-HP-ENVY-15-Notebook-PC with PID 18128 (/home/developer-3/Documents/prashanth/java/invApi/invoice/App/target/classes started by developer-3 in /home/developer-3/Documents/prashanth/java/invApi/invoice/App)
2020-07-17 00:02:45.152  INFO 18128 --- [restartedMain] com.invoice.api.MainClass                : No active profile set, falling back to default profiles: default
2020-07-17 00:02:45.239  INFO 18128 --- [restartedMain] o.s.b.devtools.restart.ChangeableUrls    : The Class-Path manifest attribute in /home/developer-3/.m2/repository/org/glassfish/jaxb/jaxb-runtime/2.3.2/jaxb-runtime-2.3.2.jar referenced one or more files that do not exist: file:/home/developer-3/.m2/repository/org/glassfish/jaxb/jaxb-runtime/2.3.2/jakarta.xml.bind-api-2.3.2.jar,file:/home/developer-3/.m2/repository/org/glassfish/jaxb/jaxb-runtime/2.3.2/txw2-2.3.2.jar,file:/home/developer-3/.m2/repository/org/glassfish/jaxb/jaxb-runtime/2.3.2/istack-commons-runtime-3.0.8.jar,file:/home/developer-3/.m2/repository/org/glassfish/jaxb/jaxb-runtime/2.3.2/stax-ex-1.8.1.jar,file:/home/developer-3/.m2/repository/org/glassfish/jaxb/jaxb-runtime/2.3.2/FastInfoset-1.2.16.jar,file:/home/developer-3/.m2/repository/org/glassfish/jaxb/jaxb-runtime/2.3.2/jakarta.activation-api-1.2.1.jar
2020-07-17 00:02:45.240  INFO 18128 --- [restartedMain] .e.DevToolsPropertyDefaultsPostProcessor : Devtools property defaults active! Set 'spring.devtools.add-properties' to 'false' to disable
2020-07-17 00:02:45.240  INFO 18128 --- [restartedMain] .e.DevToolsPropertyDefaultsPostProcessor : For additional web related logging consider setting the 'logging.level.web' property to 'DEBUG'
2020-07-17 00:02:47.254  INFO 18128 --- [restartedMain] .s.d.r.c.RepositoryConfigurationDelegate : Bootstrapping Spring Data JPA repositories in DEFAULT mode.
2020-07-17 00:02:47.373  INFO 18128 --- [restartedMain] .s.d.r.c.RepositoryConfigurationDelegate : Finished Spring Data repository scanning in 99ms. Found 5 JPA repository interfaces.
2020-07-17 00:02:48.443  INFO 18128 --- [restartedMain] o.s.b.w.embedded.tomcat.TomcatWebServer  : Tomcat initialized with port(s): 5006 (http)
2020-07-17 00:02:48.460  INFO 18128 --- [restartedMain] o.apache.catalina.core.StandardService   : Starting service [Tomcat]
2020-07-17 00:02:48.461  INFO 18128 --- [restartedMain] org.apache.catalina.core.StandardEngine  : Starting Servlet engine: [Apache Tomcat/9.0.33]
2020-07-17 00:02:48.572  INFO 18128 --- [restartedMain] o.a.c.c.C.[Tomcat].[localhost].[/]       : Initializing Spring embedded WebApplicationContext
2020-07-17 00:02:48.573  INFO 18128 --- [restartedMain] o.s.web.context.ContextLoader            : Root WebApplicationContext: initialization completed in 3333 ms
2020-07-17 00:02:49.023  INFO 18128 --- [restartedMain] o.hibernate.jpa.internal.util.LogHelper  : HHH000204: Processing PersistenceUnitInfo [name: default]
2020-07-17 00:02:49.176  INFO 18128 --- [restartedMain] org.hibernate.Version                    : HHH000412: Hibernate ORM core version 5.4.12.Final
2020-07-17 00:02:49.472  INFO 18128 --- [restartedMain] o.hibernate.annotations.common.Version   : HCANN000001: Hibernate Commons Annotations {5.1.0.Final}
2020-07-17 00:02:49.686  INFO 18128 --- [restartedMain] com.zaxxer.hikari.HikariDataSource       : HikariPool-1 - Starting...
2020-07-17 00:02:50.265  INFO 18128 --- [restartedMain] com.zaxxer.hikari.HikariDataSource       : HikariPool-1 - Start completed.
2020-07-17 00:02:50.309  INFO 18128 --- [restartedMain] org.hibernate.dialect.Dialect            : HHH000400: Using dialect: org.hibernate.dialect.MySQL5InnoDBDialect
2020-07-17 00:02:51.574  INFO 18128 --- [restartedMain] o.h.e.t.j.p.i.JtaPlatformInitiator       : HHH000490: Using JtaPlatform implementation: [org.hibernate.engine.transaction.jta.platform.internal.NoJtaPlatform]
2020-07-17 00:02:51.579  INFO 18128 --- [restartedMain] j.LocalContainerEntityManagerFactoryBean : Initialized JPA EntityManagerFactory for persistence unit 'default'
2020-07-17 00:02:51.653  INFO 18128 --- [restartedMain] o.s.b.d.a.OptionalLiveReloadServer       : LiveReload server is running on port 35729
2020-07-17 00:02:52.187  WARN 18128 --- [restartedMain] JpaBaseConfiguration$JpaWebConfiguration : spring.jpa.open-in-view is enabled by default. Therefore, database queries may be performed during view rendering. Explicitly configure spring.jpa.open-in-view to disable this warning
2020-07-17 00:02:52.393  INFO 18128 --- [restartedMain] o.s.s.concurrent.ThreadPoolTaskExecutor  : Initializing ExecutorService 'applicationTaskExecutor'
2020-07-17 00:02:52.674  INFO 18128 --- [restartedMain] o.s.b.w.embedded.tomcat.TomcatWebServer  : Tomcat started on port(s): 5006 (http) with context path ''
2020-07-17 00:02:52.677  INFO 18128 --- [restartedMain] com.invoice.api.MainClass                : Started MainClass in 8.402 seconds (JVM running for 10.053)
2020-07-17 00:16:15.367  INFO 18128 --- [Thread-4] o.s.s.concurrent.ThreadPoolTaskExecutor  : Shutting down ExecutorService 'applicationTaskExecutor'
2020-07-17 00:16:15.370  INFO 18128 --- [Thread-4] j.LocalContainerEntityManagerFactoryBean : Closing JPA EntityManagerFactory for persistence unit 'default'
2020-07-17 00:16:15.374  INFO 18128 --- [Thread-4] com.zaxxer.hikari.HikariDataSource       : HikariPool-1 - Shutdown initiated...
2020-07-17 00:16:15.386  INFO 18128 --- [Thread-4] com.zaxxer.hikari.HikariDataSource       : HikariPool-1 - Shutdown completed.
2020-07-17 00:16:15.547  INFO 18128 --- [restartedMain] com.invoice.api.MainClass                : Mainclass running
2020-07-17 00:16:15.580  INFO 18128 --- [restartedMain] com.invoice.api.MainClass                : Starting MainClass on developer3-HP-ENVY-15-Notebook-PC with PID 18128 (/home/developer-3/Documents/prashanth/java/invApi/invoice/App/target/classes started by developer-3 in /home/developer-3/Documents/prashanth/java/invApi/invoice/App)
2020-07-17 00:16:15.581  INFO 18128 --- [restartedMain] com.invoice.api.MainClass                : No active profile set, falling back to default profiles: default
2020-07-17 00:16:15.774  INFO 18128 --- [restartedMain] .s.d.r.c.RepositoryConfigurationDelegate : Bootstrapping Spring Data JPA repositories in DEFAULT mode.
2020-07-17 00:16:15.794  INFO 18128 --- [restartedMain] .s.d.r.c.RepositoryConfigurationDelegate : Finished Spring Data repository scanning in 19ms. Found 5 JPA repository interfaces.
2020-07-17 00:16:15.887  INFO 18128 --- [restartedMain] o.s.b.w.embedded.tomcat.TomcatWebServer  : Tomcat initialized with port(s): 5006 (http)
2020-07-17 00:16:15.888  INFO 18128 --- [restartedMain] o.apache.catalina.core.StandardService   : Starting service [Tomcat]
2020-07-17 00:16:15.888  INFO 18128 --- [restartedMain] org.apache.catalina.core.StandardEngine  : Starting Servlet engine: [Apache Tomcat/9.0.33]
2020-07-17 00:16:15.896  INFO 18128 --- [restartedMain] o.a.c.c.C.[Tomcat].[localhost].[/]       : Initializing Spring embedded WebApplicationContext
2020-07-17 00:16:15.896  INFO 18128 --- [restartedMain] o.s.web.context.ContextLoader            : Root WebApplicationContext: initialization completed in 312 ms
2020-07-17 00:16:15.931  INFO 18128 --- [restartedMain] o.hibernate.jpa.internal.util.LogHelper  : HHH000204: Processing PersistenceUnitInfo [name: default]
2020-07-17 00:16:15.936  INFO 18128 --- [restartedMain] com.zaxxer.hikari.HikariDataSource       : HikariPool-2 - Starting...
2020-07-17 00:16:15.955  INFO 18128 --- [restartedMain] com.zaxxer.hikari.HikariDataSource       : HikariPool-2 - Start completed.
2020-07-17 00:16:15.955  INFO 18128 --- [restartedMain] org.hibernate.dialect.Dialect            : HHH000400: Using dialect: org.hibernate.dialect.MySQL5InnoDBDialect
2020-07-17 00:16:16.118  INFO 18128 --- [restartedMain] o.h.e.t.j.p.i.JtaPlatformInitiator       : HHH000490: Using JtaPlatform implementation: [org.hibernate.engine.transaction.jta.platform.internal.NoJtaPlatform]
2020-07-17 00:16:16.118  INFO 18128 --- [restartedMain] j.LocalContainerEntityManagerFactoryBean : Initialized JPA EntityManagerFactory for persistence unit 'default'
2020-07-17 00:16:16.134  INFO 18128 --- [restartedMain] o.s.b.d.a.OptionalLiveReloadServer       : LiveReload server is running on port 35729
2020-07-17 00:16:16.299  WARN 18128 --- [restartedMain] JpaBaseConfiguration$JpaWebConfiguration : spring.jpa.open-in-view is enabled by default. Therefore, database queries may be performed during view rendering. Explicitly configure spring.jpa.open-in-view to disable this warning
2020-07-17 00:16:16.344  INFO 18128 --- [restartedMain] o.s.s.concurrent.ThreadPoolTaskExecutor  : Initializing ExecutorService 'applicationTaskExecutor'
2020-07-17 00:16:16.416  INFO 18128 --- [restartedMain] o.s.b.w.embedded.tomcat.TomcatWebServer  : Tomcat started on port(s): 5006 (http) with context path ''
2020-07-17 00:16:16.417  INFO 18128 --- [restartedMain] com.invoice.api.MainClass                : Started MainClass in 0.864 seconds (JVM running for 813.793)
2020-07-17 00:16:16.419  INFO 18128 --- [restartedMain] .ConditionEvaluationDeltaLoggingListener : Condition evaluation unchanged
2020-07-17 00:20:45.109  INFO 18128 --- [RMI TCP Connection(2)-127.0.0.1] inMXBeanRegistrar$SpringApplicationAdmin : Application shutdown requested.
2020-07-17 00:20:45.111  INFO 18128 --- [RMI TCP Connection(2)-127.0.0.1] o.s.s.concurrent.ThreadPoolTaskExecutor  : Shutting down ExecutorService 'applicationTaskExecutor'
2020-07-17 00:20:45.113  INFO 18128 --- [RMI TCP Connection(2)-127.0.0.1] j.LocalContainerEntityManagerFactoryBean : Closing JPA EntityManagerFactory for persistence unit 'default'
2020-07-17 00:20:45.114  INFO 18128 --- [RMI TCP Connection(2)-127.0.0.1] com.zaxxer.hikari.HikariDataSource       : HikariPool-2 - Shutdown initiated...
2020-07-17 00:20:45.132  INFO 18128 --- [RMI TCP Connection(2)-127.0.0.1] com.zaxxer.hikari.HikariDataSource       : HikariPool-2 - Shutdown completed.
2020-07-17 18:49:28.262  INFO 28584 --- [main] com.invoice.api.MainClassTest            : Starting MainClassTest on developer3-HP-ENVY-15-Notebook-PC with PID 28584 (started by developer-3 in /home/developer-3/Documents/prashanth/java/invApi/invoice/App)
2020-07-17 18:49:28.264  INFO 28584 --- [main] com.invoice.api.MainClassTest            : No active profile set, falling back to default profiles: default
2020-07-17 18:49:30.160  INFO 28584 --- [main] .s.d.r.c.RepositoryConfigurationDelegate : Bootstrapping Spring Data JPA repositories in DEFAULT mode.
2020-07-17 18:49:30.291  INFO 28584 --- [main] .s.d.r.c.RepositoryConfigurationDelegate : Finished Spring Data repository scanning in 122ms. Found 5 JPA repository interfaces.
2020-07-17 18:49:31.635  INFO 28584 --- [main] o.hibernate.jpa.internal.util.LogHelper  : HHH000204: Processing PersistenceUnitInfo [name: default]
2020-07-17 18:49:32.001  INFO 28584 --- [main] org.hibernate.Version                    : HHH000412: Hibernate ORM core version 5.4.12.Final
2020-07-17 18:49:32.471  INFO 28584 --- [main] o.hibernate.annotations.common.Version   : HCANN000001: Hibernate Commons Annotations {5.1.0.Final}
2020-07-17 18:49:32.832  INFO 28584 --- [main] com.zaxxer.hikari.HikariDataSource       : HikariPool-1 - Starting...
2020-07-17 18:49:33.566  INFO 28584 --- [main] com.zaxxer.hikari.HikariDataSource       : HikariPool-1 - Start completed.
2020-07-17 18:49:33.618  INFO 28584 --- [main] org.hibernate.dialect.Dialect            : HHH000400: Using dialect: org.hibernate.dialect.MySQL5InnoDBDialect
2020-07-17 18:49:35.766  INFO 28584 --- [main] o.h.e.t.j.p.i.JtaPlatformInitiator       : HHH000490: Using JtaPlatform implementation: [org.hibernate.engine.transaction.jta.platform.internal.NoJtaPlatform]
2020-07-17 18:49:35.774  INFO 28584 --- [main] j.LocalContainerEntityManagerFactoryBean : Initialized JPA EntityManagerFactory for persistence unit 'default'
2020-07-17 18:49:36.789  WARN 28584 --- [main] JpaBaseConfiguration$JpaWebConfiguration : spring.jpa.open-in-view is enabled by default. Therefore, database queries may be performed during view rendering. Explicitly configure spring.jpa.open-in-view to disable this warning
2020-07-17 18:49:37.130  INFO 28584 --- [main] o.s.s.concurrent.ThreadPoolTaskExecutor  : Initializing ExecutorService 'applicationTaskExecutor'
2020-07-17 18:49:37.649  INFO 28584 --- [main] com.invoice.api.MainClassTest            : Started MainClassTest in 10.344 seconds (JVM running for 12.22)
2020-07-17 18:49:38.067  INFO 28584 --- [SpringContextShutdownHook] o.s.s.concurrent.ThreadPoolTaskExecutor  : Shutting down ExecutorService 'applicationTaskExecutor'
2020-07-17 18:49:38.070  INFO 28584 --- [SpringContextShutdownHook] j.LocalContainerEntityManagerFactoryBean : Closing JPA EntityManagerFactory for persistence unit 'default'
2020-07-17 18:49:38.077  INFO 28584 --- [SpringContextShutdownHook] com.zaxxer.hikari.HikariDataSource       : HikariPool-1 - Shutdown initiated...
2020-07-17 18:49:38.095  INFO 28584 --- [SpringContextShutdownHook] com.zaxxer.hikari.HikariDataSource       : HikariPool-1 - Shutdown completed.
2020-07-17 18:58:57.140  INFO 28975 --- [main] com.invoice.api.MainClassTest            : Starting MainClassTest on developer3-HP-ENVY-15-Notebook-PC with PID 28975 (started by developer-3 in /home/developer-3/Documents/prashanth/java/invApi/invoice/App)
2020-07-17 18:58:57.142  INFO 28975 --- [main] com.invoice.api.MainClassTest            : No active profile set, falling back to default profiles: default
2020-07-17 18:58:58.150  INFO 28975 --- [main] .s.d.r.c.RepositoryConfigurationDelegate : Bootstrapping Spring Data JPA repositories in DEFAULT mode.
2020-07-17 18:58:58.301  INFO 28975 --- [main] .s.d.r.c.RepositoryConfigurationDelegate : Finished Spring Data repository scanning in 135ms. Found 5 JPA repository interfaces.
2020-07-17 18:58:59.134  INFO 28975 --- [main] o.hibernate.jpa.internal.util.LogHelper  : HHH000204: Processing PersistenceUnitInfo [name: default]
2020-07-17 18:58:59.224  INFO 28975 --- [main] org.hibernate.Version                    : HHH000412: Hibernate ORM core version 5.4.12.Final
2020-07-17 18:58:59.367  INFO 28975 --- [main] o.hibernate.annotations.common.Version   : HCANN000001: Hibernate Commons Annotations {5.1.0.Final}
2020-07-17 18:58:59.472  INFO 28975 --- [main] com.zaxxer.hikari.HikariDataSource       : HikariPool-1 - Starting...
2020-07-17 18:58:59.987  INFO 28975 --- [main] com.zaxxer.hikari.HikariDataSource       : HikariPool-1 - Start completed.
2020-07-17 18:59:00.003  INFO 28975 --- [main] org.hibernate.dialect.Dialect            : HHH000400: Using dialect: org.hibernate.dialect.MySQL5InnoDBDialect
2020-07-17 18:59:01.190  INFO 28975 --- [main] o.h.e.t.j.p.i.JtaPlatformInitiator       : HHH000490: Using JtaPlatform implementation: [org.hibernate.engine.transaction.jta.platform.internal.NoJtaPlatform]
2020-07-17 18:59:01.200  INFO 28975 --- [main] j.LocalContainerEntityManagerFactoryBean : Initialized JPA EntityManagerFactory for persistence unit 'default'
2020-07-17 18:59:02.151  WARN 28975 --- [main] JpaBaseConfiguration$JpaWebConfiguration : spring.jpa.open-in-view is enabled by default. Therefore, database queries may be performed during view rendering. Explicitly configure spring.jpa.open-in-view to disable this warning
2020-07-17 18:59:02.486  INFO 28975 --- [main] o.s.s.concurrent.ThreadPoolTaskExecutor  : Initializing ExecutorService 'applicationTaskExecutor'
2020-07-17 18:59:02.970  INFO 28975 --- [main] com.invoice.api.MainClassTest            : Started MainClassTest in 6.323 seconds (JVM running for 7.529)
2020-07-17 18:59:03.319  INFO 28975 --- [SpringContextShutdownHook] o.s.s.concurrent.ThreadPoolTaskExecutor  : Shutting down ExecutorService 'applicationTaskExecutor'
2020-07-17 18:59:03.323  INFO 28975 --- [SpringContextShutdownHook] j.LocalContainerEntityManagerFactoryBean : Closing JPA EntityManagerFactory for persistence unit 'default'
2020-07-17 18:59:03.327  INFO 28975 --- [SpringContextShutdownHook] com.zaxxer.hikari.HikariDataSource       : HikariPool-1 - Shutdown initiated...
2020-07-17 18:59:03.367  INFO 28975 --- [SpringContextShutdownHook] com.zaxxer.hikari.HikariDataSource       : HikariPool-1 - Shutdown completed.
